<?xml version="1.0" encoding="UTF-8"?>
<!-- Generated by org.testng.reporters.JUnitReportReporter -->
<testsuite skipped="0" hostname="LAPTOP-BEPGEJB8" name="Test.LoginTest" tests="1" failures="0" timestamp="17 Mar 2019 05:11:40 GMT" time="20.550" errors="0">
  <testcase name="verifyLogin" time="20.550" classname="Test.LoginTest"/>
</testsuite> <!-- Test.LoginTest -->
